[0826/191657:ERROR:process_info.cc(103)] ReadProcessMemory bool __cdecl crashpad::`anonymous-namespace'::ReadStruct<struct crashpad::process_types::PEB<struct crashpad::process_types::internal::Traits32>>(void *,unsigned __int64,struct crashpad::process_types::PEB<struct crashpad::process_types::internal::Traits32> *): Only part of a ReadProcessMemory or WriteProcessMemory request was completed. (0x12B)
[0826/191657:ERROR:process_info.cc(542)] ReadProcessData failed
[0826/191657:ERROR:process_info.cc(608)] range at 0x0, size 0x230 fully unreadable
[0826/191657:ERROR:process_reader_win.cc(233)] ReadMemory at 0x0 of 560 bytes failed: Only part of a ReadProcessMemory or WriteProcessMemory request was completed. (0x12B)
[0826/191657:ERROR:process_snapshot_win.cc(359)] ReadMemory PEB
[0826/191657:ERROR:process_reader_win.cc(233)] ReadMemory at 0x77e01860 of 5888 bytes failed: Only part of a ReadProcessMemory or WriteProcessMemory request was completed. (0x12B)
[0826/191657:ERROR:process_reader_win.cc(99)] process 39428 not found
[0826/191657:ERROR:process_reader_win.cc(233)] ReadMemory at 0xbbfbb4 of 12 bytes failed: Only part of a ReadProcessMemory or WriteProcessMemory request was completed. (0x12B)
[0826/191657:WARNING:process_snapshot_win.cc(104)] ReadMemory ExceptionInformation failed
[0826/191657:WARNING:crash_report_exception_handler.cc(60)] ProcessSnapshotWin::InitializeException failed
[0826/191657:ERROR:scoped_process_suspend.cc(38)] NtResumeProcess, ntstatus=-1073741558
[0826/192122:ERROR:process_info.cc(608)] range at 0xfeacf000, size 0x230 fully unreadable
[0826/192122:ERROR:process_info.cc(608)] range at 0xfeace000, size 0xf84 fully unreadable
[0826/192122:ERROR:process_info.cc(608)] range at 0xfeacb000, size 0xf84 fully unreadable
[0826/192122:ERROR:process_info.cc(608)] range at 0xfeac8000, size 0xf84 fully unreadable
[0826/192122:ERROR:process_info.cc(608)] range at 0xfe99f000, size 0xf84 fully unreadable
[0826/192122:ERROR:process_info.cc(608)] range at 0xfe99c000, size 0xf84 fully unreadable
[0826/192122:ERROR:process_info.cc(608)] range at 0xfe999000, size 0xf84 fully unreadable
[0826/192122:ERROR:process_info.cc(608)] range at 0xfe996000, size 0xf84 fully unreadable
[0826/192122:ERROR:process_info.cc(608)] range at 0xfe993000, size 0xf84 fully unreadable
[0826/192122:ERROR:process_info.cc(608)] range at 0xfe990000, size 0xf84 fully unreadable
[0826/192122:ERROR:process_info.cc(608)] range at 0xfe98d000, size 0xf84 fully unreadable
[0826/192122:ERROR:process_info.cc(608)] range at 0xfe98a000, size 0xf84 fully unreadable
[0826/192122:ERROR:process_info.cc(608)] range at 0xfe987000, size 0xf84 fully unreadable
[0826/192122:ERROR:process_info.cc(608)] range at 0xfe984000, size 0xf84 fully unreadable
[0826/192122:ERROR:process_info.cc(608)] range at 0xfe981000, size 0xf84 fully unreadable
[0826/192122:ERROR:process_info.cc(608)] range at 0xfe97e000, size 0xf84 fully unreadable
